Using pre-set license
Built from '6000.0/staging' branch; Version is '6000.0.28f1 (f336aca0cab5) revision 15939244'; Using compiler version '193933523'; Build Type 'Release'
OS: 'Windows 11  (10.0.26100) 64bit Professional' Language: 'ko' Physical Memory: 16328 MB
BatchMode: 1, IsHumanControllingUs: 0, StartBugReporterOnCrash: 0, Is64bit: 1, IsPro: 1

COMMAND LINE ARGUMENTS:
C:\Program Files\Unity\Hub\Editor\6000.0.28f1\Editor\Unity.exe
-adb2
-batchMode
-noUpm
-name
AssetImportWorker2
-projectPath
C:/Users/JeonHyeonMin/OneDrive - 인천광역시교육청/문서/GitHub/BlockFlow_Engine
-logFile
Logs/AssetImportWorker2.log
-srvPort
1275
-job-worker-count
5
-background-job-worker-count
8
-asset-garbage-collectors
1
Successfully changed project path to: C:/Users/JeonHyeonMin/OneDrive - 인천광역시교육청/문서/GitHub/BlockFlow_Engine
C:/Users/JeonHyeonMin/OneDrive - 인천광역시교육청/문서/GitHub/BlockFlow_Engine
[UnityMemory] Configuration Parameters - Can be set up in boot.config
    "memorysetup-bucket-allocator-granularity=16"
    "memorysetup-bucket-allocator-bucket-count=8"
    "memorysetup-bucket-allocator-block-size=33554432"
    "memorysetup-bucket-allocator-block-count=8"
    "memorysetup-main-allocator-block-size=16777216"
    "memorysetup-thread-allocator-block-size=16777216"
    "memorysetup-gfx-main-allocator-block-size=16777216"
    "memorysetup-gfx-thread-allocator-block-size=16777216"
    "memorysetup-cache-allocator-block-size=4194304"
    "memorysetup-typetree-allocator-block-size=2097152"
    "memorysetup-profiler-bucket-allocator-granularity=16"
    "memorysetup-profiler-bucket-allocator-bucket-count=8"
    "memorysetup-profiler-bucket-allocator-block-size=33554432"
    "memorysetup-profiler-bucket-allocator-block-count=8"
    "memorysetup-profiler-allocator-block-size=16777216"
    "memorysetup-profiler-editor-allocator-block-size=1048576"
    "memorysetup-temp-allocator-size-main=16777216"
    "memorysetup-job-temp-allocator-block-size=2097152"
    "memorysetup-job-temp-allocator-block-size-background=1048576"
    "memorysetup-job-temp-allocator-reduction-small-platforms=262144"
    "memorysetup-allocator-temp-initial-block-size-main=262144"
    "memorysetup-allocator-temp-initial-block-size-worker=262144"
    "memorysetup-temp-allocator-size-background-worker=32768"
    "memorysetup-temp-allocator-size-job-worker=262144"
    "memorysetup-temp-allocator-size-preload-manager=33554432"
    "memorysetup-temp-allocator-size-nav-mesh-worker=65536"
    "memorysetup-temp-allocator-size-audio-worker=65536"
    "memorysetup-temp-allocator-size-cloud-worker=32768"
    "memorysetup-temp-allocator-size-gi-baking-worker=262144"
    "memorysetup-temp-allocator-size-gi-baking-worker=262144"
    "memorysetup-temp-allocator-size-gi-baking-worker=262144"
    "memorysetup-temp-allocator-size-gi-baking-worker=262144"
    "memorysetup-temp-allocator-size-gi-baking-worker=262144"
    "memorysetup-temp-allocator-size-gfx=262144"
Player connection [399916]  Target information:

Player connection [399916]  * "[IP] 192.168.219.102 [Port] 0 [Flags] 2 [Guid] 1589458952 [EditorId] 1589458952 [Version] 1048832 [Id] WindowsEditor(7,DESKTOP-E6SMTE2) [Debug] 1 [PackageName] WindowsEditor [ProjectName] Editor" 

Player connection [399916] Host joined multi-casting on [225.0.0.222:54997]...
Player connection [399916] Host joined alternative multi-casting on [225.0.0.222:34997]...
JobSystem: Creating JobQueue using job-worker-count value 5
[Physics::Module] Initialized fallback backend.
[Physics::Module] Id: 0xdecafbad
Library Redirect Path: Library/
[Physics::Module] Selected backend.
[Physics::Module] Name: PhysX
[Physics::Module] Id: 0xf2b8ea05
[Physics::Module] SDK Version: 4.1.2
[Physics::Module] Integration Version: 1.0.0
[Physics::Module] Threading Mode: Multi-Threaded
Refreshing native plugins compatible for Editor in 8.35 ms, found 3 plugins.
Preloading 0 native plugins for Editor in 0.00 ms.
Initialize engine version: 6000.0.28f1 (f336aca0cab5)
[Subsystems] Discovering subsystems at path C:/Program Files/Unity/Hub/Editor/6000.0.28f1/Editor/Data/Resources/UnitySubsystems
[Subsystems] Discovering subsystems at path C:/Users/JeonHyeonMin/OneDrive - 인천광역시교육청/문서/GitHub/BlockFlow_Engine/Assets
GfxDevice: creating device client; kGfxThreadingModeNonThreaded
Direct3D:
    Version:  Direct3D 11.0 [level 11.1]
    Renderer: NVIDIA GeForce RTX 3060 (ID=0x2504)
    Vendor:   NVIDIA
    VRAM:     12115 MB
    Driver:   32.0.15.6614
Initialize mono
Mono path[0] = 'C:/Program Files/Unity/Hub/Editor/6000.0.28f1/Editor/Data/Managed'
Mono path[1] = 'C:/Program Files/Unity/Hub/Editor/6000.0.28f1/Editor/Data/MonoBleedingEdge/lib/mono/unityjit-win32'
Mono config path = 'C:/Program Files/Unity/Hub/Editor/6000.0.28f1/Editor/Data/MonoBleedingEdge/etc'
Using monoOptions --debugger-agent=transport=dt_socket,embedding=1,server=y,suspend=n,address=127.0.0.1:56912
Begin MonoManager ReloadAssembly
Registering precompiled unity dll's ...
Register platform support module: C:/Program Files/Unity/Hub/Editor/6000.0.28f1/Editor/Data/PlaybackEngines/WindowsStandaloneSupport/UnityEditor.WindowsStandalone.Extensions.dll
Registered in 0.005963 seconds.
- Loaded All Assemblies, in  0.748 seconds
Native extension for WindowsStandalone target not found
Mono: successfully reloaded assembly
- Finished resetting the current domain, in  0.739 seconds
Domain Reload Profiling: 1473ms
	BeginReloadAssembly (231ms)
		ExecutionOrderSort (0ms)
		DisableScriptedObjects (0ms)
		BackupInstance (0ms)
		ReleaseScriptingObjects (0ms)
		CreateAndSetChildDomain (1ms)
	RebuildCommonClasses (49ms)
	RebuildNativeTypeToScriptingClass (13ms)
	initialDomainReloadingComplete (86ms)
	LoadAllAssembliesAndSetupDomain (355ms)
		LoadAssemblies (216ms)
		RebuildTransferFunctionScriptingTraits (0ms)
		AnalyzeDomain (348ms)
			TypeCache.Refresh (346ms)
				TypeCache.ScanAssembly (331ms)
			BuildScriptInfoCaches (0ms)
			ResolveRequiredComponents (1ms)
	FinalizeReload (739ms)
		ReleaseScriptCaches (0ms)
		RebuildScriptCaches (0ms)
		SetupLoadedEditorAssemblies (691ms)
			LogAssemblyErrors (0ms)
			InitializePlatformSupportModulesInManaged (73ms)
			SetLoadedEditorAssemblies (7ms)
			BeforeProcessingInitializeOnLoad (9ms)
			ProcessInitializeOnLoadAttributes (188ms)
			ProcessInitializeOnLoadMethodAttributes (410ms)
			AfterProcessingInitializeOnLoad (4ms)
			EditorAssembliesLoaded (0ms)
		ExecutionOrderSort2 (0ms)
		AwakeInstancesAfterBackupRestoration (0ms)
========================================================================
Worker process is ready to serve import requests
Import Worker Mode flag is 0x00
Begin MonoManager ReloadAssembly
- Loaded All Assemblies, in  2.041 seconds
Refreshing native plugins compatible for Editor in 2.55 ms, found 3 plugins.
Native extension for WindowsStandalone target not found
Mono: successfully reloaded assembly
- Finished resetting the current domain, in  1.206 seconds
Domain Reload Profiling: 3231ms
	BeginReloadAssembly (971ms)
		ExecutionOrderSort (0ms)
		DisableScriptedObjects (7ms)
		BackupInstance (0ms)
		ReleaseScriptingObjects (0ms)
		CreateAndSetChildDomain (40ms)
	RebuildCommonClasses (38ms)
	RebuildNativeTypeToScriptingClass (10ms)
	initialDomainReloadingComplete (65ms)
	LoadAllAssembliesAndSetupDomain (940ms)
		LoadAssemblies (781ms)
		RebuildTransferFunctionScriptingTraits (0ms)
		AnalyzeDomain (302ms)
			TypeCache.Refresh (209ms)
				TypeCache.ScanAssembly (189ms)
			BuildScriptInfoCaches (80ms)
			ResolveRequiredComponents (10ms)
	FinalizeReload (1207ms)
		ReleaseScriptCaches (0ms)
		RebuildScriptCaches (0ms)
		SetupLoadedEditorAssemblies (878ms)
			LogAssemblyErrors (0ms)
			InitializePlatformSupportModulesInManaged (12ms)
			SetLoadedEditorAssemblies (7ms)
			BeforeProcessingInitializeOnLoad (205ms)
			ProcessInitializeOnLoadAttributes (529ms)
			ProcessInitializeOnLoadMethodAttributes (105ms)
			AfterProcessingInitializeOnLoad (19ms)
			EditorAssembliesLoaded (0ms)
		ExecutionOrderSort2 (0ms)
		AwakeInstancesAfterBackupRestoration (7ms)
Launched and connected shader compiler UnityShaderCompiler.exe after 0.04 seconds
Refreshing native plugins compatible for Editor in 3.05 ms, found 3 plugins.
Preloading 0 native plugins for Editor in 0.00 ms.
Unloading 220 Unused Serialized files (Serialized files now loaded: 0)
Unloading 5997 unused Assets / (4.6 MB). Loaded Objects now: 6812.
Memory consumption went from 190.8 MB to 186.2 MB.
Total: 10.615600 ms (FindLiveObjects: 1.157400 ms CreateObjectMapping: 0.479600 ms MarkObjects: 5.951300 ms  DeleteObjects: 3.025800 ms)

========================================================================
Received Import Request.
  Time since last request: 12999.491196 seconds.
  path: Assets/Fonts/NotoSansKR-Black SDF.asset
  artifactKey: Guid(8673e914d4dd3c0429c213247b9393a9) Importer(815301076,1909f56bfc062723c751e8b465ee728b)
Start importing Assets/Fonts/NotoSansKR-Black SDF.asset using Guid(8673e914d4dd3c0429c213247b9393a9) Importer(815301076,1909f56bfc062723c751e8b465ee728b) (PreviewImporter) -> (artifact id: '6c3036c31400c18fa6c78d5a83ee219e') in 0.6192905 seconds
Number of updated asset objects reloaded before import = 0Number of asset objects unloaded after import = 6

========================================================================
Received Import Request.
  Time since last request: 186.836142 seconds.
  path: Assets/Fonts/NotoSansKR-Black SDF.asset
  artifactKey: Guid(8673e914d4dd3c0429c213247b9393a9) Importer(815301076,1909f56bfc062723c751e8b465ee728b)
Start importing Assets/Fonts/NotoSansKR-Black SDF.asset using Guid(8673e914d4dd3c0429c213247b9393a9) Importer(815301076,1909f56bfc062723c751e8b465ee728b) (PreviewImporter) -> (artifact id: 'a5a55412280c7b90ec9c17e849af6480') in 0.0506673 seconds
Number of updated asset objects reloaded before import = 0Number of asset objects unloaded after import = 6

========================================================================
Received Import Request.
  Time since last request: 0.000030 seconds.
  path: Assets/Fonts/NotoSansKR-Light SDF.asset
  artifactKey: Guid(7d966f340249942419eaf94ad38adedb) Importer(815301076,1909f56bfc062723c751e8b465ee728b)
Start importing Assets/Fonts/NotoSansKR-Light SDF.asset using Guid(7d966f340249942419eaf94ad38adedb) Importer(815301076,1909f56bfc062723c751e8b465ee728b) (PreviewImporter) -> (artifact id: '16fab8844aef644453b9aaa759eb9e4c') in 0.0415302 seconds
Number of updated asset objects reloaded before import = 0Number of asset objects unloaded after import = 6

========================================================================
Received Import Request.
  Time since last request: 0.000054 seconds.
  path: Assets/Fonts/NotoSansKR-ExtraLight SDF.asset
  artifactKey: Guid(4213754d9bda0fc45b89d4fc607f0bad) Importer(815301076,1909f56bfc062723c751e8b465ee728b)
Start importing Assets/Fonts/NotoSansKR-ExtraLight SDF.asset using Guid(4213754d9bda0fc45b89d4fc607f0bad) Importer(815301076,1909f56bfc062723c751e8b465ee728b) (PreviewImporter) -> (artifact id: '828e0ff3e9f049ca00d11fafc41d05d1') in 0.0388539 seconds
Number of updated asset objects reloaded before import = 0Number of asset objects unloaded after import = 6

========================================================================
Received Import Request.
  Time since last request: 0.000041 seconds.
  path: Assets/Fonts/NotoSansKR-Medium SDF.asset
  artifactKey: Guid(5779965f5e8d3cb438f526ffd86d4e53) Importer(815301076,1909f56bfc062723c751e8b465ee728b)
Start importing Assets/Fonts/NotoSansKR-Medium SDF.asset using Guid(5779965f5e8d3cb438f526ffd86d4e53) Importer(815301076,1909f56bfc062723c751e8b465ee728b) (PreviewImporter) -> (artifact id: '5529b7909303d20aa536eaa7550fa2ec') in 0.0400288 seconds
Number of updated asset objects reloaded before import = 0Number of asset objects unloaded after import = 6

========================================================================
Received Import Request.
  Time since last request: 853.266447 seconds.
  path: Assets/Sources/Icon/free-icon-key-16867690.png
  artifactKey: Guid(00cc83ba1d3b9a14ba14cdb9f6397ec4) Importer(815301076,1909f56bfc062723c751e8b465ee728b)
Start importing Assets/Sources/Icon/free-icon-key-16867690.png using Guid(00cc83ba1d3b9a14ba14cdb9f6397ec4) Importer(815301076,1909f56bfc062723c751e8b465ee728b) (PreviewImporter) -> (artifact id: 'fb703a7b3eff72a653218308ce08f526') in 0.0943251 seconds
Number of updated asset objects reloaded before import = 0Number of asset objects unloaded after import = 2

========================================================================
Received Import Request.
  Time since last request: 8.680099 seconds.
  path: Assets/Sources/Icon/free-icon-key-16867690.png
  artifactKey: Guid(00cc83ba1d3b9a14ba14cdb9f6397ec4) Importer(815301076,1909f56bfc062723c751e8b465ee728b)
Start importing Assets/Sources/Icon/free-icon-key-16867690.png using Guid(00cc83ba1d3b9a14ba14cdb9f6397ec4) Importer(815301076,1909f56bfc062723c751e8b465ee728b) (PreviewImporter) -> (artifact id: '78e285e60b6bc969eb06d567c158321e') in 0.0538337 seconds
Number of updated asset objects reloaded before import = 0Number of asset objects unloaded after import = 3

========================================================================
Received Import Request.
  Time since last request: 318.523909 seconds.
  path: Assets/Sources/Icon/Asset 1.svg
  artifactKey: Guid(74b43ce055a696b469f278d42b5f373d) Importer(815301076,1909f56bfc062723c751e8b465ee728b)
Start importing Assets/Sources/Icon/Asset 1.svg using Guid(74b43ce055a696b469f278d42b5f373d) Importer(815301076,1909f56bfc062723c751e8b465ee728b) (PreviewImporter) -> (artifact id: '2153fe9bb73ec5963191c21b82ac35ad') in 0.3772199 seconds
Number of updated asset objects reloaded before import = 0Number of asset objects unloaded after import = 7

========================================================================
Received Import Request.
  Time since last request: 5.992548 seconds.
  path: Assets/Sources/Icon/Asset 1.svg
  artifactKey: Guid(74b43ce055a696b469f278d42b5f373d) Importer(815301076,1909f56bfc062723c751e8b465ee728b)
Start importing Assets/Sources/Icon/Asset 1.svg using Guid(74b43ce055a696b469f278d42b5f373d) Importer(815301076,1909f56bfc062723c751e8b465ee728b) (PreviewImporter) -> (artifact id: 'ddbb1dd26a1f7aa30aa79b110547dfc4') in 0.0273503 seconds
Number of updated asset objects reloaded before import = 0Number of asset objects unloaded after import = 8

========================================================================
Received Import Request.
  Time since last request: 112.494701 seconds.
  path: Assets/Sources/Icon/Asset 2.svg
  artifactKey: Guid(4d2f90e98d9a22240a8e7663ad736040) Importer(815301076,1909f56bfc062723c751e8b465ee728b)
Start importing Assets/Sources/Icon/Asset 2.svg using Guid(4d2f90e98d9a22240a8e7663ad736040) Importer(815301076,1909f56bfc062723c751e8b465ee728b) (PreviewImporter) -> (artifact id: 'e8c56c8e505183e408af214b4e53ace5') in 0.0230968 seconds
Number of updated asset objects reloaded before import = 0Number of asset objects unloaded after import = 7

========================================================================
Received Import Request.
  Time since last request: 2.624896 seconds.
  path: Assets/Sources/Icon/Asset 2.svg
  artifactKey: Guid(4d2f90e98d9a22240a8e7663ad736040) Importer(815301076,1909f56bfc062723c751e8b465ee728b)
Start importing Assets/Sources/Icon/Asset 2.svg using Guid(4d2f90e98d9a22240a8e7663ad736040) Importer(815301076,1909f56bfc062723c751e8b465ee728b) (PreviewImporter) -> (artifact id: '2b7269a94d0580c3d6d5aad7e4593645') in 0.0099946 seconds
Number of updated asset objects reloaded before import = 0Number of asset objects unloaded after import = 8

========================================================================
Received Import Request.
  Time since last request: 163.446025 seconds.
  path: Assets/Fonts/NotoSansKR-Black SDF.asset
  artifactKey: Guid(8673e914d4dd3c0429c213247b9393a9) Importer(815301076,1909f56bfc062723c751e8b465ee728b)
Start importing Assets/Fonts/NotoSansKR-Black SDF.asset using Guid(8673e914d4dd3c0429c213247b9393a9) Importer(815301076,1909f56bfc062723c751e8b465ee728b) (PreviewImporter) -> (artifact id: '2a03febb94abf8aaffb8e5d6f9c8784a') in 0.2442504 seconds
Number of updated asset objects reloaded before import = 0Number of asset objects unloaded after import = 6

========================================================================
Received Import Request.
  Time since last request: 0.000038 seconds.
  path: Assets/Fonts/NotoSansKR-Light SDF.asset
  artifactKey: Guid(7d966f340249942419eaf94ad38adedb) Importer(815301076,1909f56bfc062723c751e8b465ee728b)
Start importing Assets/Fonts/NotoSansKR-Light SDF.asset using Guid(7d966f340249942419eaf94ad38adedb) Importer(815301076,1909f56bfc062723c751e8b465ee728b) (PreviewImporter) -> (artifact id: '17d6b7fcdee3d1f9d9939b068dd8ad12') in 0.0980493 seconds
Number of updated asset objects reloaded before import = 0Number of asset objects unloaded after import = 6

========================================================================
Received Import Request.
  Time since last request: 0.000050 seconds.
  path: Assets/Fonts/NotoSansKR-ExtraBold SDF.asset
  artifactKey: Guid(254d3092d1c42a9488023a7addb68020) Importer(815301076,1909f56bfc062723c751e8b465ee728b)
Start importing Assets/Fonts/NotoSansKR-ExtraBold SDF.asset using Guid(254d3092d1c42a9488023a7addb68020) Importer(815301076,1909f56bfc062723c751e8b465ee728b) (PreviewImporter) -> (artifact id: '0baa03b6372d2ccdd6c8be23a8d72a03') in 0.0739489 seconds
Number of updated asset objects reloaded before import = 0Number of asset objects unloaded after import = 6

========================================================================
Received Import Request.
  Time since last request: 0.000030 seconds.
  path: Assets/Fonts/NotoSansKR-ExtraLight SDF.asset
  artifactKey: Guid(4213754d9bda0fc45b89d4fc607f0bad) Importer(815301076,1909f56bfc062723c751e8b465ee728b)
Start importing Assets/Fonts/NotoSansKR-ExtraLight SDF.asset using Guid(4213754d9bda0fc45b89d4fc607f0bad) Importer(815301076,1909f56bfc062723c751e8b465ee728b) (PreviewImporter) -> (artifact id: 'f03c08b94e79f417313ab21a638732d4') in 0.0813877 seconds
Number of updated asset objects reloaded before import = 0Number of asset objects unloaded after import = 6

========================================================================
Received Import Request.
  Time since last request: 0.000029 seconds.
  path: Assets/Fonts/NotoSansKR-Regular SDF.asset
  artifactKey: Guid(d04edccb9276d25498f4a48111515306) Importer(815301076,1909f56bfc062723c751e8b465ee728b)
Start importing Assets/Fonts/NotoSansKR-Regular SDF.asset using Guid(d04edccb9276d25498f4a48111515306) Importer(815301076,1909f56bfc062723c751e8b465ee728b) (PreviewImporter) -> (artifact id: 'b2733f348fc627aac575005b9b29cec8') in 0.0747556 seconds
Number of updated asset objects reloaded before import = 0Number of asset objects unloaded after import = 6

========================================================================
Received Import Request.
  Time since last request: 0.000052 seconds.
  path: Assets/Fonts/NotoSansKR-Thin SDF.asset
  artifactKey: Guid(4721cbc217451634d85e41e22f1a6323) Importer(815301076,1909f56bfc062723c751e8b465ee728b)
Start importing Assets/Fonts/NotoSansKR-Thin SDF.asset using Guid(4721cbc217451634d85e41e22f1a6323) Importer(815301076,1909f56bfc062723c751e8b465ee728b) (PreviewImporter) -> (artifact id: 'fb6e5d9834e07dacf1815728aa4d28e0') in 0.0627414 seconds
Number of updated asset objects reloaded before import = 0Number of asset objects unloaded after import = 6

========================================================================
Received Import Request.
  Time since last request: 0.000024 seconds.
  path: Assets/Fonts/NotoSansKR-SemiBold SDF.asset
  artifactKey: Guid(a72101c9b2d95934f9f84eeb4ddc3a1d) Importer(815301076,1909f56bfc062723c751e8b465ee728b)
Start importing Assets/Fonts/NotoSansKR-SemiBold SDF.asset using Guid(a72101c9b2d95934f9f84eeb4ddc3a1d) Importer(815301076,1909f56bfc062723c751e8b465ee728b) (PreviewImporter) -> (artifact id: 'fc20ad6e8c7902bb582c1deb092b3184') in 0.0798793 seconds
Number of updated asset objects reloaded before import = 0Number of asset objects unloaded after import = 6

========================================================================
Received Import Request.
  Time since last request: 0.000080 seconds.
  path: Assets/Fonts/NotoSansKR-Medium SDF.asset
  artifactKey: Guid(5779965f5e8d3cb438f526ffd86d4e53) Importer(815301076,1909f56bfc062723c751e8b465ee728b)
Start importing Assets/Fonts/NotoSansKR-Medium SDF.asset using Guid(5779965f5e8d3cb438f526ffd86d4e53) Importer(815301076,1909f56bfc062723c751e8b465ee728b) (PreviewImporter) -> (artifact id: '6ba4c92e13bc17dfcc82125910fff746') in 0.0649563 seconds
Number of updated asset objects reloaded before import = 0Number of asset objects unloaded after import = 6

Editor requested this worker to shutdown with reason: Scaling down because of idle timeout
AssetImportWorker is now disconnected from the server
Process exiting
Exiting without the bug reporter. Application will terminate with return code 0